<?xml version="1.0" encoding="UTF-8"?>
<!-- Generated by org.testng.reporters.JUnitReportReporter -->
<testsuite hostname="floranows-MacBook-Pro.local" failures="0" tests="3" name="TCAssignmentScenarios.PagesScenarios.PlaceOrdersTests" time="248.222" errors="0" timestamp="2023-09-20T17:26:29 EET" skipped="0">
  <testcase classname="TCAssignmentScenarios.PagesScenarios.PlaceOrdersTests" name="placeOrderWithLitePlanOnSaudiLocal" time="35.346"/>
  <system-out/>
  <testcase classname="TCAssignmentScenarios.PagesScenarios.PlaceOrdersTests" name="placeOrderWithPremiumPlanOnBahrainLocal" time="66.601"/>
  <system-out/>
  <testcase classname="TCAssignmentScenarios.PagesScenarios.PlaceOrdersTests" name="placeOrderWithClassicPlanOnKuwaitLocal" time="146.275"/>
  <system-out/>
</testsuite> <!-- TCAssignmentScenarios.PagesScenarios.PlaceOrdersTests -->
