<?xml version="1.0" encoding="UTF-8"?>
<!-- Generated by org.testng.reporters.JUnitReportReporter -->
<testsuite hostname="floranows-MacBook-Pro.local" failures="0" tests="2" name="TCAssignmentScenarios.PagesScenarios.SignUpTests" time="135.439" errors="0" timestamp="2023-09-20T17:26:29 EET" skipped="0">
  <testcase classname="TCAssignmentScenarios.PagesScenarios.SignUpTests" name="signUpWithInvalidUser" time="66.014"/>
  <system-out/>
  <testcase classname="TCAssignmentScenarios.PagesScenarios.SignUpTests" name="signUpWithNonExistedUser" time="69.425"/>
  <system-out/>
</testsuite> <!-- TCAssignmentScenarios.PagesScenarios.SignUpTests -->
