<?xml version="1.0" encoding="UTF-8"?>
<!-- Generated by org.testng.reporters.JUnitReportReporter -->
<testsuite hostname="floranows-MacBook-Pro.local" failures="0" tests="3" name="TCAssignmentScenarios.PagesScenarios.StcLandingPageTest" time="379.071" errors="0" timestamp="2023-09-20T17:26:29 EET" skipped="0">
  <testcase classname="TCAssignmentScenarios.PagesScenarios.StcLandingPageTest" name="verifyGiftCardSectionIsOnlyInSaudi" time="137.945"/>
  <system-out/>
  <testcase classname="TCAssignmentScenarios.PagesScenarios.StcLandingPageTest" name="verifyCurrencyAndLocalsBeingUpdated" time="144.716"/>
  <system-out/>
  <testcase classname="TCAssignmentScenarios.PagesScenarios.StcLandingPageTest" name="verifyPricesOfPlansOnAllLocals" time="96.410"/>
  <system-out/>
</testsuite> <!-- TCAssignmentScenarios.PagesScenarios.StcLandingPageTest -->
